<?xml version="1.0" encoding="UTF-8"?>
<testsuite name="tests.MyFirstTest" tests="1" skipped="0" failures="0" errors="0" timestamp="2023-07-26T18:38:25" hostname="DEV-UA-NB129" time="14.177">
  <properties/>
  <testcase name="firstTest()" classname="tests.MyFirstTest" time="14.177"/>
  <system-out><![CDATA[]]></system-out>
  <system-err><![CDATA[Jul 26, 2023 9:38:26 PM org.openqa.selenium.remote.service.DriverService$Builder getLogOutput
INFO: Driver logs no longer sent to console by default; https://www.selenium.dev/documentation/webdriver/drivers/service/#setting-log-output
]]></system-err>
</testsuite>
